<?xml version="1.0" encoding="UTF-8"?>
<trace:TraceModel xmi:version="2.0"
    xmlns:xmi="http://www.omg.org/XMI"
    xmlns:trace="http://www.eclipse.org/gmf/2006/Trace">
  <nodeTraces
      visualID="2001"
      queryText="(let _eClass_:ecore::EClass = modelFacet.metaClass.ecoreClass in _eClass_.ePackage.nsURI = 'http:///edu/toronto/cs/openome_model.ecore' and _eClass_.name = 'Actor') and (let _containmentMF_:ecore::EStructuralFeature = modelFacet.containmentMetaFeature.ecoreFeature in (let _eClass_:ecore::EClass = _containmentMF_.eContainingClass in _eClass_.ePackage.nsURI = 'http:///edu/toronto/cs/openome_model.ecore' and _eClass_.name = 'Model') and _containmentMF_.name = 'containers')">
    <nodeLabelTraces
        visualID="5005"
        queryText="true"/>
    <compartmentTraces
        visualID="7001"
        queryText="true"/>
  </nodeTraces>
  <nodeTraces
      visualID="2002"
      queryText="(let _eClass_:ecore::EClass = modelFacet.metaClass.ecoreClass in _eClass_.ePackage.nsURI = 'http:///edu/toronto/cs/openome_model.ecore' and _eClass_.name = 'Agent') and (let _containmentMF_:ecore::EStructuralFeature = modelFacet.containmentMetaFeature.ecoreFeature in (let _eClass_:ecore::EClass = _containmentMF_.eContainingClass in _eClass_.ePackage.nsURI = 'http:///edu/toronto/cs/openome_model.ecore' and _eClass_.name = 'Model') and _containmentMF_.name = 'containers')">
    <nodeLabelTraces
        visualID="5010"
        queryText="true"/>
    <compartmentTraces
        visualID="7002"
        queryText="true"/>
  </nodeTraces>
  <nodeTraces
      visualID="2003"
      queryText="(let _eClass_:ecore::EClass = modelFacet.metaClass.ecoreClass in _eClass_.ePackage.nsURI = 'http:///edu/toronto/cs/openome_model.ecore' and _eClass_.name = 'Position') and (let _containmentMF_:ecore::EStructuralFeature = modelFacet.containmentMetaFeature.ecoreFeature in (let _eClass_:ecore::EClass = _containmentMF_.eContainingClass in _eClass_.ePackage.nsURI = 'http:///edu/toronto/cs/openome_model.ecore' and _eClass_.name = 'Model') and _containmentMF_.name = 'containers')">
    <nodeLabelTraces
        visualID="5015"
        queryText="true"/>
    <compartmentTraces
        visualID="7003"
        queryText="true"/>
  </nodeTraces>
  <nodeTraces
      visualID="2004"
      queryText="(let _eClass_:ecore::EClass = modelFacet.metaClass.ecoreClass in _eClass_.ePackage.nsURI = 'http:///edu/toronto/cs/openome_model.ecore' and _eClass_.name = 'Role') and (let _containmentMF_:ecore::EStructuralFeature = modelFacet.containmentMetaFeature.ecoreFeature in (let _eClass_:ecore::EClass = _containmentMF_.eContainingClass in _eClass_.ePackage.nsURI = 'http:///edu/toronto/cs/openome_model.ecore' and _eClass_.name = 'Model') and _containmentMF_.name = 'containers')">
    <nodeLabelTraces
        visualID="5020"
        queryText="true"/>
    <compartmentTraces
        visualID="7004"
        queryText="true"/>
  </nodeTraces>
  <nodeTraces
      visualID="2005"
      queryText="(let _eClass_:ecore::EClass = modelFacet.metaClass.ecoreClass in _eClass_.ePackage.nsURI = 'http:///edu/toronto/cs/openome_model.ecore' and _eClass_.name = 'Goal') and (let _containmentMF_:ecore::EStructuralFeature = modelFacet.containmentMetaFeature.ecoreFeature in (let _eClass_:ecore::EClass = _containmentMF_.eContainingClass in _eClass_.ePackage.nsURI = 'http:///edu/toronto/cs/openome_model.ecore' and _eClass_.name = 'Model') and _containmentMF_.name = 'intentions')">
    <nodeLabelTraces
        visualID="5021"
        queryText="true"/>
    <nodeLabelTraces
        visualID="5041"
        queryText="true"/>
  </nodeTraces>
  <nodeTraces
      visualID="2006"
      queryText="(let _eClass_:ecore::EClass = modelFacet.metaClass.ecoreClass in _eClass_.ePackage.nsURI = 'http:///edu/toronto/cs/openome_model.ecore' and _eClass_.name = 'Softgoal') and (let _containmentMF_:ecore::EStructuralFeature = modelFacet.containmentMetaFeature.ecoreFeature in (let _eClass_:ecore::EClass = _containmentMF_.eContainingClass in _eClass_.ePackage.nsURI = 'http:///edu/toronto/cs/openome_model.ecore' and _eClass_.name = 'Model') and _containmentMF_.name = 'intentions')">
    <nodeLabelTraces
        visualID="5022"
        queryText="true"/>
    <nodeLabelTraces
        visualID="5042"
        queryText="true"/>
  </nodeTraces>
  <nodeTraces
      visualID="2007"
      queryText="(let _eClass_:ecore::EClass = modelFacet.metaClass.ecoreClass in _eClass_.ePackage.nsURI = 'http:///edu/toronto/cs/openome_model.ecore' and _eClass_.name = 'Task') and (let _containmentMF_:ecore::EStructuralFeature = modelFacet.containmentMetaFeature.ecoreFeature in (let _eClass_:ecore::EClass = _containmentMF_.eContainingClass in _eClass_.ePackage.nsURI = 'http:///edu/toronto/cs/openome_model.ecore' and _eClass_.name = 'Model') and _containmentMF_.name = 'intentions')">
    <nodeLabelTraces
        visualID="5023"
        queryText="true"/>
    <nodeLabelTraces
        visualID="5043"
        queryText="true"/>
  </nodeTraces>
  <nodeTraces
      visualID="2008"
      queryText="(let _eClass_:ecore::EClass = modelFacet.metaClass.ecoreClass in _eClass_.ePackage.nsURI = 'http:///edu/toronto/cs/openome_model.ecore' and _eClass_.name = 'Resource') and (let _containmentMF_:ecore::EStructuralFeature = modelFacet.containmentMetaFeature.ecoreFeature in (let _eClass_:ecore::EClass = _containmentMF_.eContainingClass in _eClass_.ePackage.nsURI = 'http:///edu/toronto/cs/openome_model.ecore' and _eClass_.name = 'Model') and _containmentMF_.name = 'intentions')">
    <nodeLabelTraces
        visualID="5024"
        queryText="true"/>
    <nodeLabelTraces
        visualID="5044"
        queryText="true"/>
  </nodeTraces>
  <childNodeTraces
      visualID="3001"
      queryText="(let _eClass_:ecore::EClass = modelFacet.metaClass.ecoreClass in _eClass_.ePackage.nsURI = 'http:///edu/toronto/cs/openome_model.ecore' and _eClass_.name = 'Goal') and (let _containmentMF_:ecore::EStructuralFeature = modelFacet.containmentMetaFeature.ecoreFeature in (let _eClass_:ecore::EClass = _containmentMF_.eContainingClass in _eClass_.ePackage.nsURI = 'http:///edu/toronto/cs/openome_model.ecore' and _eClass_.name = 'Container') and _containmentMF_.name = 'intentions')">
    <nodeLabelTraces
        visualID="5001"
        queryText="true"/>
    <nodeLabelTraces
        visualID="5025"
        queryText="true"/>
  </childNodeTraces>
  <childNodeTraces
      visualID="3002"
      queryText="(let _eClass_:ecore::EClass = modelFacet.metaClass.ecoreClass in _eClass_.ePackage.nsURI = 'http:///edu/toronto/cs/openome_model.ecore' and _eClass_.name = 'Softgoal') and (let _containmentMF_:ecore::EStructuralFeature = modelFacet.containmentMetaFeature.ecoreFeature in (let _eClass_:ecore::EClass = _containmentMF_.eContainingClass in _eClass_.ePackage.nsURI = 'http:///edu/toronto/cs/openome_model.ecore' and _eClass_.name = 'Container') and _containmentMF_.name = 'intentions')">
    <nodeLabelTraces
        visualID="5002"
        queryText="true"/>
    <nodeLabelTraces
        visualID="5026"
        queryText="true"/>
  </childNodeTraces>
  <childNodeTraces
      visualID="3003"
      queryText="(let _eClass_:ecore::EClass = modelFacet.metaClass.ecoreClass in _eClass_.ePackage.nsURI = 'http:///edu/toronto/cs/openome_model.ecore' and _eClass_.name = 'Resource') and (let _containmentMF_:ecore::EStructuralFeature = modelFacet.containmentMetaFeature.ecoreFeature in (let _eClass_:ecore::EClass = _containmentMF_.eContainingClass in _eClass_.ePackage.nsURI = 'http:///edu/toronto/cs/openome_model.ecore' and _eClass_.name = 'Container') and _containmentMF_.name = 'intentions')">
    <nodeLabelTraces
        visualID="5003"
        queryText="true"/>
    <nodeLabelTraces
        visualID="5027"
        queryText="true"/>
  </childNodeTraces>
  <childNodeTraces
      visualID="3004"
      queryText="(let _eClass_:ecore::EClass = modelFacet.metaClass.ecoreClass in _eClass_.ePackage.nsURI = 'http:///edu/toronto/cs/openome_model.ecore' and _eClass_.name = 'Task') and (let _containmentMF_:ecore::EStructuralFeature = modelFacet.containmentMetaFeature.ecoreFeature in (let _eClass_:ecore::EClass = _containmentMF_.eContainingClass in _eClass_.ePackage.nsURI = 'http:///edu/toronto/cs/openome_model.ecore' and _eClass_.name = 'Container') and _containmentMF_.name = 'intentions')">
    <nodeLabelTraces
        visualID="5004"
        queryText="true"/>
    <nodeLabelTraces
        visualID="5028"
        queryText="true"/>
  </childNodeTraces>
  <childNodeTraces
      visualID="3005"
      queryText="(let _eClass_:ecore::EClass = modelFacet.metaClass.ecoreClass in _eClass_.ePackage.nsURI = 'http:///edu/toronto/cs/openome_model.ecore' and _eClass_.name = 'Goal') and (let _containmentMF_:ecore::EStructuralFeature = modelFacet.containmentMetaFeature.ecoreFeature in (let _eClass_:ecore::EClass = _containmentMF_.eContainingClass in _eClass_.ePackage.nsURI = 'http:///edu/toronto/cs/openome_model.ecore' and _eClass_.name = 'Container') and _containmentMF_.name = 'intentions')">
    <nodeLabelTraces
        visualID="5006"
        queryText="true"/>
    <nodeLabelTraces
        visualID="5029"
        queryText="true"/>
  </childNodeTraces>
  <childNodeTraces
      visualID="3006"
      queryText="(let _eClass_:ecore::EClass = modelFacet.metaClass.ecoreClass in _eClass_.ePackage.nsURI = 'http:///edu/toronto/cs/openome_model.ecore' and _eClass_.name = 'Softgoal') and (let _containmentMF_:ecore::EStructuralFeature = modelFacet.containmentMetaFeature.ecoreFeature in (let _eClass_:ecore::EClass = _containmentMF_.eContainingClass in _eClass_.ePackage.nsURI = 'http:///edu/toronto/cs/openome_model.ecore' and _eClass_.name = 'Container') and _containmentMF_.name = 'intentions')">
    <nodeLabelTraces
        visualID="5007"
        queryText="true"/>
    <nodeLabelTraces
        visualID="5030"
        queryText="true"/>
  </childNodeTraces>
  <childNodeTraces
      visualID="3007"
      queryText="(let _eClass_:ecore::EClass = modelFacet.metaClass.ecoreClass in _eClass_.ePackage.nsURI = 'http:///edu/toronto/cs/openome_model.ecore' and _eClass_.name = 'Resource') and (let _containmentMF_:ecore::EStructuralFeature = modelFacet.containmentMetaFeature.ecoreFeature in (let _eClass_:ecore::EClass = _containmentMF_.eContainingClass in _eClass_.ePackage.nsURI = 'http:///edu/toronto/cs/openome_model.ecore' and _eClass_.name = 'Container') and _containmentMF_.name = 'intentions')">
    <nodeLabelTraces
        visualID="5008"
        queryText="true"/>
    <nodeLabelTraces
        visualID="5031"
        queryText="true"/>
  </childNodeTraces>
  <childNodeTraces
      visualID="3008"
      queryText="(let _eClass_:ecore::EClass = modelFacet.metaClass.ecoreClass in _eClass_.ePackage.nsURI = 'http:///edu/toronto/cs/openome_model.ecore' and _eClass_.name = 'Task') and (let _containmentMF_:ecore::EStructuralFeature = modelFacet.containmentMetaFeature.ecoreFeature in (let _eClass_:ecore::EClass = _containmentMF_.eContainingClass in _eClass_.ePackage.nsURI = 'http:///edu/toronto/cs/openome_model.ecore' and _eClass_.name = 'Container') and _containmentMF_.name = 'intentions')">
    <nodeLabelTraces
        visualID="5009"
        queryText="true"/>
    <nodeLabelTraces
        visualID="5032"
        queryText="true"/>
  </childNodeTraces>
  <childNodeTraces
      visualID="3009"
      queryText="(let _eClass_:ecore::EClass = modelFacet.metaClass.ecoreClass in _eClass_.ePackage.nsURI = 'http:///edu/toronto/cs/openome_model.ecore' and _eClass_.name = 'Goal') and (let _containmentMF_:ecore::EStructuralFeature = modelFacet.containmentMetaFeature.ecoreFeature in (let _eClass_:ecore::EClass = _containmentMF_.eContainingClass in _eClass_.ePackage.nsURI = 'http:///edu/toronto/cs/openome_model.ecore' and _eClass_.name = 'Container') and _containmentMF_.name = 'intentions')">
    <nodeLabelTraces
        visualID="5011"
        queryText="true"/>
    <nodeLabelTraces
        visualID="5033"
        queryText="true"/>
  </childNodeTraces>
  <childNodeTraces
      visualID="3010"
      queryText="(let _eClass_:ecore::EClass = modelFacet.metaClass.ecoreClass in _eClass_.ePackage.nsURI = 'http:///edu/toronto/cs/openome_model.ecore' and _eClass_.name = 'Softgoal') and (let _containmentMF_:ecore::EStructuralFeature = modelFacet.containmentMetaFeature.ecoreFeature in (let _eClass_:ecore::EClass = _containmentMF_.eContainingClass in _eClass_.ePackage.nsURI = 'http:///edu/toronto/cs/openome_model.ecore' and _eClass_.name = 'Container') and _containmentMF_.name = 'intentions')">
    <nodeLabelTraces
        visualID="5012"
        queryText="true"/>
    <nodeLabelTraces
        visualID="5034"
        queryText="true"/>
  </childNodeTraces>
  <childNodeTraces
      visualID="3011"
      queryText="(let _eClass_:ecore::EClass = modelFacet.metaClass.ecoreClass in _eClass_.ePackage.nsURI = 'http:///edu/toronto/cs/openome_model.ecore' and _eClass_.name = 'Resource') and (let _containmentMF_:ecore::EStructuralFeature = modelFacet.containmentMetaFeature.ecoreFeature in (let _eClass_:ecore::EClass = _containmentMF_.eContainingClass in _eClass_.ePackage.nsURI = 'http:///edu/toronto/cs/openome_model.ecore' and _eClass_.name = 'Container') and _containmentMF_.name = 'intentions')">
    <nodeLabelTraces
        visualID="5013"
        queryText="true"/>
    <nodeLabelTraces
        visualID="5035"
        queryText="true"/>
  </childNodeTraces>
  <childNodeTraces
      visualID="3012"
      queryText="(let _eClass_:ecore::EClass = modelFacet.metaClass.ecoreClass in _eClass_.ePackage.nsURI = 'http:///edu/toronto/cs/openome_model.ecore' and _eClass_.name = 'Task') and (let _containmentMF_:ecore::EStructuralFeature = modelFacet.containmentMetaFeature.ecoreFeature in (let _eClass_:ecore::EClass = _containmentMF_.eContainingClass in _eClass_.ePackage.nsURI = 'http:///edu/toronto/cs/openome_model.ecore' and _eClass_.name = 'Container') and _containmentMF_.name = 'intentions')">
    <nodeLabelTraces
        visualID="5014"
        queryText="true"/>
    <nodeLabelTraces
        visualID="5036"
        queryText="true"/>
  </childNodeTraces>
  <childNodeTraces
      visualID="3013"
      queryText="(let _eClass_:ecore::EClass = modelFacet.metaClass.ecoreClass in _eClass_.ePackage.nsURI = 'http:///edu/toronto/cs/openome_model.ecore' and _eClass_.name = 'Goal') and (let _containmentMF_:ecore::EStructuralFeature = modelFacet.containmentMetaFeature.ecoreFeature in (let _eClass_:ecore::EClass = _containmentMF_.eContainingClass in _eClass_.ePackage.nsURI = 'http:///edu/toronto/cs/openome_model.ecore' and _eClass_.name = 'Container') and _containmentMF_.name = 'intentions')">
    <nodeLabelTraces
        visualID="5016"
        queryText="true"/>
    <nodeLabelTraces
        visualID="5037"
        queryText="true"/>
  </childNodeTraces>
  <childNodeTraces
      visualID="3014"
      queryText="(let _eClass_:ecore::EClass = modelFacet.metaClass.ecoreClass in _eClass_.ePackage.nsURI = 'http:///edu/toronto/cs/openome_model.ecore' and _eClass_.name = 'Softgoal') and (let _containmentMF_:ecore::EStructuralFeature = modelFacet.containmentMetaFeature.ecoreFeature in (let _eClass_:ecore::EClass = _containmentMF_.eContainingClass in _eClass_.ePackage.nsURI = 'http:///edu/toronto/cs/openome_model.ecore' and _eClass_.name = 'Container') and _containmentMF_.name = 'intentions')">
    <nodeLabelTraces
        visualID="5017"
        queryText="true"/>
    <nodeLabelTraces
        visualID="5038"
        queryText="true"/>
  </childNodeTraces>
  <childNodeTraces
      visualID="3015"
      queryText="(let _eClass_:ecore::EClass = modelFacet.metaClass.ecoreClass in _eClass_.ePackage.nsURI = 'http:///edu/toronto/cs/openome_model.ecore' and _eClass_.name = 'Resource') and (let _containmentMF_:ecore::EStructuralFeature = modelFacet.containmentMetaFeature.ecoreFeature in (let _eClass_:ecore::EClass = _containmentMF_.eContainingClass in _eClass_.ePackage.nsURI = 'http:///edu/toronto/cs/openome_model.ecore' and _eClass_.name = 'Container') and _containmentMF_.name = 'intentions')">
    <nodeLabelTraces
        visualID="5018"
        queryText="true"/>
    <nodeLabelTraces
        visualID="5039"
        queryText="true"/>
  </childNodeTraces>
  <childNodeTraces
      visualID="3016"
      queryText="(let _eClass_:ecore::EClass = modelFacet.metaClass.ecoreClass in _eClass_.ePackage.nsURI = 'http:///edu/toronto/cs/openome_model.ecore' and _eClass_.name = 'Task') and (let _containmentMF_:ecore::EStructuralFeature = modelFacet.containmentMetaFeature.ecoreFeature in (let _eClass_:ecore::EClass = _containmentMF_.eContainingClass in _eClass_.ePackage.nsURI = 'http:///edu/toronto/cs/openome_model.ecore' and _eClass_.name = 'Container') and _containmentMF_.name = 'intentions')">
    <nodeLabelTraces
        visualID="5019"
        queryText="true"/>
    <nodeLabelTraces
        visualID="5040"
        queryText="true"/>
  </childNodeTraces>
  <linkTraces
      visualID="4001"
      queryText="modelFacet.oclIsKindOf(gmfgen::TypeLinkModelFacet) and (let _eClass_:ecore::EClass = modelFacet.oclAsType(gmfgen::TypeLinkModelFacet).metaClass.ecoreClass in _eClass_.ePackage.nsURI = 'http:///edu/toronto/cs/openome_model.ecore' and _eClass_.name = 'Dependency')"/>
  <linkTraces
      visualID="4002"
      queryText="modelFacet.oclIsKindOf(gmfgen::TypeLinkModelFacet) and (let _eClass_:ecore::EClass = modelFacet.oclAsType(gmfgen::TypeLinkModelFacet).metaClass.ecoreClass in _eClass_.ePackage.nsURI = 'http:///edu/toronto/cs/openome_model.ecore' and _eClass_.name = 'AndDecomposition')"/>
  <linkTraces
      visualID="4003"
      queryText="modelFacet.oclIsKindOf(gmfgen::TypeLinkModelFacet) and (let _eClass_:ecore::EClass = modelFacet.oclAsType(gmfgen::TypeLinkModelFacet).metaClass.ecoreClass in _eClass_.ePackage.nsURI = 'http:///edu/toronto/cs/openome_model.ecore' and _eClass_.name = 'OrDecomposition')"/>
  <linkTraces
      visualID="4005"
      queryText="modelFacet.oclIsKindOf(gmfgen::TypeLinkModelFacet) and (let _eClass_:ecore::EClass = modelFacet.oclAsType(gmfgen::TypeLinkModelFacet).metaClass.ecoreClass in _eClass_.ePackage.nsURI = 'http:///edu/toronto/cs/openome_model.ecore' and _eClass_.name = 'HelpContribution')">
    <linkLabelTraces
        visualID="6004"
        queryText="true"/>
  </linkTraces>
  <linkTraces
      visualID="4006"
      queryText="modelFacet.oclIsKindOf(gmfgen::TypeLinkModelFacet) and (let _eClass_:ecore::EClass = modelFacet.oclAsType(gmfgen::TypeLinkModelFacet).metaClass.ecoreClass in _eClass_.ePackage.nsURI = 'http:///edu/toronto/cs/openome_model.ecore' and _eClass_.name = 'HurtContribution')">
    <linkLabelTraces
        visualID="6005"
        queryText="true"/>
  </linkTraces>
  <linkTraces
      visualID="4007"
      queryText="modelFacet.oclIsKindOf(gmfgen::TypeLinkModelFacet) and (let _eClass_:ecore::EClass = modelFacet.oclAsType(gmfgen::TypeLinkModelFacet).metaClass.ecoreClass in _eClass_.ePackage.nsURI = 'http:///edu/toronto/cs/openome_model.ecore' and _eClass_.name = 'MakeContribution')">
    <linkLabelTraces
        visualID="6006"
        queryText="true"/>
  </linkTraces>
  <linkTraces
      visualID="4008"
      queryText="modelFacet.oclIsKindOf(gmfgen::TypeLinkModelFacet) and (let _eClass_:ecore::EClass = modelFacet.oclAsType(gmfgen::TypeLinkModelFacet).metaClass.ecoreClass in _eClass_.ePackage.nsURI = 'http:///edu/toronto/cs/openome_model.ecore' and _eClass_.name = 'BreakContribution')">
    <linkLabelTraces
        visualID="6007"
        queryText="true"/>
  </linkTraces>
  <linkTraces
      visualID="4009"
      queryText="modelFacet.oclIsKindOf(gmfgen::TypeLinkModelFacet) and (let _eClass_:ecore::EClass = modelFacet.oclAsType(gmfgen::TypeLinkModelFacet).metaClass.ecoreClass in _eClass_.ePackage.nsURI = 'http:///edu/toronto/cs/openome_model.ecore' and _eClass_.name = 'SomePlusContribution')">
    <linkLabelTraces
        visualID="6008"
        queryText="true"/>
  </linkTraces>
  <linkTraces
      visualID="4010"
      queryText="modelFacet.oclIsKindOf(gmfgen::TypeLinkModelFacet) and (let _eClass_:ecore::EClass = modelFacet.oclAsType(gmfgen::TypeLinkModelFacet).metaClass.ecoreClass in _eClass_.ePackage.nsURI = 'http:///edu/toronto/cs/openome_model.ecore' and _eClass_.name = 'SomeMinusContribution')">
    <linkLabelTraces
        visualID="6009"
        queryText="true"/>
  </linkTraces>
  <linkTraces
      visualID="4011"
      queryText="modelFacet.oclIsKindOf(gmfgen::TypeLinkModelFacet) and (let _eClass_:ecore::EClass = modelFacet.oclAsType(gmfgen::TypeLinkModelFacet).metaClass.ecoreClass in _eClass_.ePackage.nsURI = 'http:///edu/toronto/cs/openome_model.ecore' and _eClass_.name = 'UnknownContribution')">
    <linkLabelTraces
        visualID="6010"
        queryText="true"/>
  </linkTraces>
  <linkTraces
      visualID="4012"
      queryText="modelFacet.oclIsKindOf(gmfgen::TypeLinkModelFacet) and (let _eClass_:ecore::EClass = modelFacet.oclAsType(gmfgen::TypeLinkModelFacet).metaClass.ecoreClass in _eClass_.ePackage.nsURI = 'http:///edu/toronto/cs/openome_model.ecore' and _eClass_.name = 'AndContribution')">
    <linkLabelTraces
        visualID="6011"
        queryText="true"/>
  </linkTraces>
  <linkTraces
      visualID="4013"
      queryText="modelFacet.oclIsKindOf(gmfgen::TypeLinkModelFacet) and (let _eClass_:ecore::EClass = modelFacet.oclAsType(gmfgen::TypeLinkModelFacet).metaClass.ecoreClass in _eClass_.ePackage.nsURI = 'http:///edu/toronto/cs/openome_model.ecore' and _eClass_.name = 'OrContribution')">
    <linkLabelTraces
        visualID="6012"
        queryText="true"/>
  </linkTraces>
  <linkTraces
      visualID="4014"
      queryText="modelFacet.oclIsKindOf(gmfgen::TypeLinkModelFacet) and (let _eClass_:ecore::EClass = modelFacet.oclAsType(gmfgen::TypeLinkModelFacet).metaClass.ecoreClass in _eClass_.ePackage.nsURI = 'http:///edu/toronto/cs/openome_model.ecore' and _eClass_.name = 'IsAAssociation')">
    <linkLabelTraces
        visualID="6013"
        queryText="true"/>
  </linkTraces>
  <linkTraces
      visualID="4015"
      queryText="modelFacet.oclIsKindOf(gmfgen::TypeLinkModelFacet) and (let _eClass_:ecore::EClass = modelFacet.oclAsType(gmfgen::TypeLinkModelFacet).metaClass.ecoreClass in _eClass_.ePackage.nsURI = 'http:///edu/toronto/cs/openome_model.ecore' and _eClass_.name = 'CoversAssociation')">
    <linkLabelTraces
        visualID="6014"
        queryText="true"/>
  </linkTraces>
  <linkTraces
      visualID="4016"
      queryText="modelFacet.oclIsKindOf(gmfgen::TypeLinkModelFacet) and (let _eClass_:ecore::EClass = modelFacet.oclAsType(gmfgen::TypeLinkModelFacet).metaClass.ecoreClass in _eClass_.ePackage.nsURI = 'http:///edu/toronto/cs/openome_model.ecore' and _eClass_.name = 'OccupiesAssociation')">
    <linkLabelTraces
        visualID="6015"
        queryText="true"/>
  </linkTraces>
  <linkTraces
      visualID="4017"
      queryText="modelFacet.oclIsKindOf(gmfgen::TypeLinkModelFacet) and (let _eClass_:ecore::EClass = modelFacet.oclAsType(gmfgen::TypeLinkModelFacet).metaClass.ecoreClass in _eClass_.ePackage.nsURI = 'http:///edu/toronto/cs/openome_model.ecore' and _eClass_.name = 'IsPartOfAssociation')">
    <linkLabelTraces
        visualID="6016"
        queryText="true"/>
  </linkTraces>
  <linkTraces
      visualID="4018"
      queryText="modelFacet.oclIsKindOf(gmfgen::TypeLinkModelFacet) and (let _eClass_:ecore::EClass = modelFacet.oclAsType(gmfgen::TypeLinkModelFacet).metaClass.ecoreClass in _eClass_.ePackage.nsURI = 'http:///edu/toronto/cs/openome_model.ecore' and _eClass_.name = 'PlaysAssociation')">
    <linkLabelTraces
        visualID="6017"
        queryText="true"/>
  </linkTraces>
  <linkTraces
      visualID="4019"
      queryText="modelFacet.oclIsKindOf(gmfgen::TypeLinkModelFacet) and (let _eClass_:ecore::EClass = modelFacet.oclAsType(gmfgen::TypeLinkModelFacet).metaClass.ecoreClass in _eClass_.ePackage.nsURI = 'http:///edu/toronto/cs/openome_model.ecore' and _eClass_.name = 'INSAssociation')">
    <linkLabelTraces
        visualID="6018"
        queryText="true"/>
  </linkTraces>
</trace:TraceModel>
